<H-WTR     13
<He-0    1924
<Li-0    2606
<Be-OXI  5049
<B-CMP   6259
<C-CMP   7476
<N-AIR   9900
<O-CMP  10827
<F-CMP  12399
<Ne-0   12938
<Na-CMP 13181
<Mg-CMP 13761
<Al-26  14892
<Si-OXI 16778
<P-31   18013
<S-0    18586
<Cl-0   19259
<Ar-0   19612
<K-0    19811
<Ca-0   20169
<Sc-45  21439
<Ti-CMP 21779
<V-CMP  23323
<Cr-0   24210
<Mn-CMP 25610
<Fe-CMP 26266
<Co-58  29996
<Ni-0   31408
<Cu-0   35242
<Zn-0   37370
<Ga-0   38635
<Ge-0   39005
<As-CMP 39660
<Se-0   40042
<Br-0   40844
<Kr-0   41345
<Rb-0   41612
<Sr-0   42024
<Y-88   42523
<Zr-ALY 43217
<Nb-93  45403
<Mo-0   46460
<Tc-98  48391
<Ru-0   48491
<Rh-103 48812
<Pd-0   49228
<Ag-0   49757
<Cd-0   50736
<In-0   51937
<Sn-0   52790
<Sb-0   54722
<Te-0   55246
<I-125  56204
<Xe-0   56665
<Cs-CMP 56927
<Ba-0   57322
<La-0   58158
<Ce-0   58458
<Pr-141 58827
<Nd-0   59167
<Pm-146 59981
<Sm-0   60053
<Eu-0   61184
<Gd-0   61727
<Tb-159 62308
<Dy-0   62500
<Ho-165 62959
<Er-0   63373
<Tm-169 63921
<Yb-0   64110
<Lu-0   64528
<Hf-0   64759
<Ta-0   65242
<W-0    66108
<Re-0   67142
<Os-0   67388
<Ir-0   67753
<Pt-0   68012
<Au-197 68406
<Hg-0   69635
<Tl-0   70034
<Pb-0   70317
<Bi-209 72654
<Po-210 73772
<At-    73773
<Rn-222 73773
<Fr-    73774
<Ra-223 73774
<Ac-227 73845
<Th-CMP 73861
<Pa-231 75194
<U-OXI  75312
<Np-235 80248
<Pu-236 80680
<Am-240 82692
<Cm-242 83085
<Bk-249 83505
<Cf-246 83537
<Es-253 83956
<Fm-246 83994
<Md-259 84023
<No-258 84029
<Lr-    84031
<Rf-260 84031
<Db-262 84033
