   1 28000   3     1       1   22035 21932     0     0 0.000E+00 0.000E+00
   1 28000   3     2   22067   22225   159     0     0 0.000E+00 0.000E+00
   1 28000   3     4   22227   22266    40     0     0 0.000E+00 0.000E+00
   1 28000   3    16   22267   22267     1     0     0 0.000E+00 0.000E+00
   1 28000   3    28   22268   22269     2     0     0 0.000E+00 0.000E+00
   1 28000   3   102   22270   26099  3830     0     0 0.000E+00 0.000E+00
   1 28000   3   103   26100   26101     2     0     0 0.000E+00 0.000E+00
   1 28000   3   104   26102   26102     1     0     0 0.000E+00 0.000E+00
   1 28000   3   105   26103   26103     1     0     0 0.000E+00 0.000E+00
   1 28000   3   107   26104   26115    12     0     0 0.000E+00 0.000E+00
   1 28000   3  2103   26116   26116     1     0     0 0.000E+00 0.000E+00
   1 28000   3  9000   26117   26171    42     0  2004 0.000E+00 0.000E+00
   1 28000   3  9000   26153   26173     5     0  1001 0.000E+00 0.000E+00
   1 28000   3  9000   26156   26164     9     0 27060 0.000E+00 0.000E+00
   1 28000   3  9000   26167   26167     1     0     0 0.000E+00 0.000E+00
   1 28000   4     2   26175   26181     7     0     0 3.000E+05 0.000E+00
   1 28000   4     2   26182   26190     9     0     0 3.280E+05 0.000E+00
   1 28000   4     2   26191   26198     8     0     0 3.790E+05 0.000E+00
   1 28000   4     2   26199   26206     8     0     0 4.330E+05 0.000E+00
   1 28000   4     2   26207   26214     8     0     0 4.750E+05 0.000E+00
   1 28000   4     2   26215   26878    17     0     0 5.180E+05 0.000E+00
   1 28000   4     2   26225   26234    10     0     0 5.650E+05 0.000E+00
   1 28000   4     2   26235   26906    17     0     0 6.220E+05 0.000E+00
   1 28000   4     2   26245   27184    39     0     0 6.780E+05 0.000E+00
   1 28000   4     2   26261   27224    41     0     0 7.160E+05 0.000E+00
   1 28000   4     2   26271   27264    25     0     0 7.690E+05 0.000E+00
   1 28000   4     2   26281   27312    40     0     0 8.180E+05 0.000E+00
   1 28000   4     2   26290   27720    47     0     0 8.790E+05 0.000E+00
   1 28000   4     2   26298   27416    39     0     0 9.220E+05 0.000E+00
   1 28000   4     2   26306   27456    41     0     0 9.660E+05 0.000E+00
   1 28000   4     2   26316   27512    39     0     0 1.026E+06 0.000E+00
   1 28000   4     2   26324   27584    62     0     0 1.090E+06 0.000E+00
   1 28000   4     2   26332   27656    56     0     0 1.162E+06 0.000E+00
   1 28000   4     2   26342   27712    64     0     0 1.215E+06 0.000E+00
   1 28000   4     2   26352   27088    24     0     0 1.264E+06 0.000E+00
   1 28000   4     2   26362   27109    22     0     0 1.330E+06 0.000E+00
   1 28000   4     2   26370   27116    15     0     0 1.368E+06 0.000E+00
   1 28000   4     2   26378   27137    30     0     0 1.431E+06 0.000E+00
   1 28000   4     2   26394   27144    23     0     0 1.481E+06 0.000E+00
   1 28000   4     2   26410   26439    30     0     0 1.800E+06 0.000E+00
   1 28000   4     2   26440   26449    10     0     0 1.900E+06 0.000E+00
   1 28000   4     2   26450   27819    50     0     0 2.000E+06 0.000E+00
   1 28000   4     2   26470   26497    28     0     0 2.100E+06 0.000E+00
   1 28000   4     2   26498   26526    29     0     0 2.200E+06 0.000E+00
   1 28000   4     2   26527   27835    26     0     0 2.300E+06 0.000E+00
   1 28000   4     2   26537   26565    29     0     0 2.400E+06 0.000E+00
   1 28000   4     2   26566   27855    40     0     0 2.500E+06 0.000E+00
   1 28000   4     2   26586   26611    26     0     0 2.600E+06 0.000E+00
   1 28000   4     2   26612   26627    16     0     0 2.700E+06 0.000E+00
   1 28000   4     2   26628   27874    48     0     0 2.800E+06 0.000E+00
   1 28000   4     2   26657   27883    19     0     0 2.900E+06 0.000E+00
   1 28000   4     2   26667   27898    54     0     0 3.000E+06 0.000E+00
   1 28000   4     2   26706   27911    33     0     0 3.200E+06 0.000E+00
   1 28000   4     2   26726   26764    39     0     0 3.400E+06 0.000E+00
   1 28000   4     2   26765   26804    40     0     0 3.600E+06 0.000E+00
   1 28000   4     2   26805   26844    40     0     0 3.800E+06 0.000E+00
   1 28000   4     2   26845   27965    35     0     0 4.000E+06 0.000E+00
   1 28000   4     2   26865   27152    15     0     0 5.000E+05 0.000E+00
   1 28000   4     2   26879   26885     7     0     0 5.500E+05 0.000E+00
   1 28000   4     2   26886   26892     7     0     0 5.750E+05 0.000E+00
   1 28000   4     2   26893   26899     7     0     0 6.000E+05 0.000E+00
   1 28000   4     2   26907   27168    15     0     0 6.500E+05 0.000E+00
   1 28000   4     2   26921   27200    15     0     0 7.000E+05 0.000E+00
   1 28000   4     2   26935   27256    31     0     0 7.500E+05 0.000E+00
   1 28000   4     2   26949   27288    31     0     0 8.000E+05 0.000E+00
   1 28000   4     2   26963   27344    31     0     0 8.500E+05 0.000E+00
   1 28000   4     2   26977   27725    28     0     0 9.000E+05 0.000E+00
   1 28000   4     2   26991   27432    23     0     0 9.500E+05 0.000E+00
   1 28000   4     2   27005   27747    51     0     0 1.000E+06 0.000E+00
   1 28000   4     2   27019   27536    31     0     0 1.050E+06 0.000E+00
   1 28000   4     2   27040   27624    39     0     0 1.125E+06 0.000E+00
   1 28000   4     2   27089   27095     7     0     0 1.300E+06 0.000E+00
   1 28000   4     2   27117   27123     7     0     0 1.400E+06 0.000E+00
   1 28000   4     2   27185   27192     8     0     0 6.890E+05 0.000E+00
   1 28000   4     2   27225   27232     8     0     0 7.310E+05 0.000E+00
   1 28000   4     2   27265   27272     8     0     0 7.810E+05 0.000E+00
   1 28000   4     2   27313   27320     8     0     0 8.320E+05 0.000E+00
   1 28000   4     2   27345   27352     8     0     0 8.650E+05 0.000E+00
   1 28000   4     2   27457   27464     8     0     0 9.830E+05 0.000E+00
   1 28000   4     2   27537   27544     8     0     0 1.067E+06 0.000E+00
   1 28000   4     2   27585   27592     8     0     0 1.107E+06 0.000E+00
   1 28000   4     2   27657   27672    16     0     0 1.181E+06 0.000E+00
   1 28000   4     2   27736   27737     2     0     0 1.550E+06 0.000E+00
   1 28000   4     2   27748   27765    18     0     0 1.770E+06 0.000E+00
   1 28000   4     2   27778   27789    12     0     0 2.650E+06 0.000E+00
   1 28000   4     2   27790   27801    12     0     0 3.260E+06 0.000E+00
   1 28000   4     2   27912   27926    15     0     0 3.490E+06 0.000E+00
   1 28000   4     2   27927   27950    24     0     0 3.660E+06 0.000E+00
   1 28000   4     2   27966   27968     3     0     0 4.070E+06 0.000E+00
   1 28000   4     2   27969   28096    40     0     0 4.340E+06 0.000E+00
   1 28000   4     2   27993   27995     3     0     0 4.650E+06 0.000E+00
   1 28000   4     2   27996   28016    21     0     0 4.920E+06 0.000E+00
   1 28000   4     2   28017   28019     3     0     0 5.230E+06 0.000E+00
   1 28000   4     2   28020   28022     3     0     0 5.500E+06 0.000E+00
   1 28000   4     2   28023   28039    17     0     0 6.440E+06 0.000E+00
   1 28000   4     2   28040   28168    17     0     0 7.030E+06 0.000E+00
   1 28000   4     2   28043   28059    17     0     0 7.540E+06 0.000E+00
   1 28000   4     2   28060   28187    22     0     0 8.040E+06 0.000E+00
   1 28000   4     2   28063   28080    18     0     0 8.560E+06 0.000E+00
   1 28000   4     2   28097   28116    20     0     0 4.560E+06 0.000E+00
   1 28000   4     2   28117   28140    24     0     0 5.000E+06 0.000E+00
   1 28000   4     2   28141   28154    14     0     0 6.090E+06 0.000E+00
   1 28000   4     2   28188   28204    17     0     0 8.970E+06 0.000E+00
   1 28000   4     2   28205   28208     4     0     0 1.100E+07 0.000E+00
   1 28000   4     2   28209   28303    95     0     0 1.400E+07 0.000E+00
   1 28000   4     2   28304   28321    18     0     0 1.460E+07 0.000E+00
   1 28000   4     2   28322   28357    36     0     0 2.160E+07 0.000E+00
   1 28000   4     4   28359   28368    10     0     0 1.460E+07 0.000E+00
   1 28000   4  9000   28369   28374     6     0  1001 1.460E+07 0.000E+00
   1 28000   5  9000   28375   29563    12     0  2004 1.440E+07 0.000E+00
   1 28000   5  9000   28376   28985    50     0  2004 4.300E+06 0.000E+00
   1 28000   5  9000   28392   29006    63     0  2004 5.100E+06 0.000E+00
   1 28000   5  9000   28413   29030    72     0  2004 5.500E+06 0.000E+00
   1 28000   5  9000   28437   29058    84     0  2004 6.100E+06 0.000E+00
   1 28000   5  9000   28465   29083    77     0  2004 6.500E+06 0.000E+00
   1 28000   5  9000   28492   29112    87     0  2004 7.100E+06 0.000E+00
   1 28000   5  9000   28521   29128    48     0  2004 7.600E+06 0.000E+00
   1 28000   5  9000   28537   29160    96     0  2004 7.900E+06 0.000E+00
   1 28000   5  9000   28569   29189    87     0  2004 9.050E+06 0.000E+00
   1 28000   5  9000   28598   29218    87     0  2004 9.600E+06 0.000E+00
   1 28000   5  9000   28627   29238    60     0  2004 1.150E+07 0.000E+00
   1 28000   5  9000   28647   29552   100     0  2004 1.410E+07 0.000E+00
   1 28000   5  9000   29265   29530   170     0     1 1.410E+07 0.000E+00
   1 28000   5  9000   29361   29456    96     0     1 1.800E+07 0.000E+00
   1 28000   5  9000   29564   29611    48     0     1 1.462E+07 0.000E+00
   1 28000   6  9000   29612   29612     1     0     0 1.462E+07 0.000E+00
   1 28000   6  9000   29613   29656    16     0     0 6.000E+06 0.000E+00
   1 28000   6  9000   29614   29657    16     0     0 7.500E+06 0.000E+00
   1 28000   6  9000   29615   29651    13     0     0 4.000E+06 0.000E+00
   1 28000   6  9000   29658   29658     1     0  2004 7.500E+06 0.000E+00
   1 28000   6  9000   29659   30161   503     0  2004 4.810E+06 0.000E+00
   1 28000   6  9000   30162   30795   634     0  2004 5.210E+06 0.000E+00
   1 28000   6  9000   30796   31471   676     0  2004 5.390E+06 0.000E+00
   1 28000   6  9000   31472   32282   811     0  2004 5.820E+06 0.000E+00
   1 28000   6  9000   32283   34157  1875     0  2004 6.180E+06 0.000E+00
   1 28000   6  9000   34158   35244  1087     0  2004 6.510E+06 0.000E+00
   1 28000   6  9000   35245   35245     1     0     1 6.510E+06 0.000E+00
   1 28000   6  9000   35246   35529   284     0     1 7.500E+06 0.000E+00
   1 28000   6  9000   35530   35819   290     0     1 9.100E+06 0.000E+00
   1 28000   6  9000   35820   36139   320     0     1 1.000E+07 0.000E+00
   1 28000   6  9000   36140   36223    84     0     1 1.335E+07 0.000E+00
   1 28000   6  9000   36224   36281    58     0     1 1.374E+07 0.000E+00
   1 28000   6  9000   36282   38214  1380     0     1 1.400E+07 0.000E+00
   1 28000   6  9000   36992   37544   553     0     1 1.800E+07 0.000E+00
   1 28000   6  9000   38215   38315   101     0  2004 1.410E+07 0.000E+00
   1 28000   6  9000   38316   38698   383     0     1 1.425E+07 0.000E+00
   1 28000   6  9000   38699   38710    12     0  2004 1.460E+07 0.000E+00
   1 28000   6  9000   38711   39051   341     0     1 1.461E+07 0.000E+00
   1 28058   3     1   39708  106798 67091     0     0 1.483E+07 0.000E+00
   1 28058   3     2  106799  106811    13     0     0 1.483E+07 0.000E+00
   1 28058   3     4  106812  106813     2     0     0 1.483E+07 0.000E+00
   1 28058   3    16  106814  107099   286     0     0 1.483E+07 0.000E+00
   1 28058   3    22  107100  107100     1     0     0 1.483E+07 0.000E+00
   1 28058   3    28  107101  107143    43     0     0 1.483E+07 0.000E+00
   1 28058   3   102  107144  107956   813     0     0 1.483E+07 0.000E+00
   1 28058   3   103  107957  108650   694     0     0 1.483E+07 0.000E+00
   1 28058   3   104  108651  108660    10     0     0 1.483E+07 0.000E+00
   1 28058   3   105  108661  108668     8     0     0 1.483E+07 0.000E+00
   1 28058   3   107  108669  108749    81     0     0 1.483E+07 0.000E+00
   1 28058   3  2103  108750  108757     8     0     0 1.483E+07 0.000E+00
   1 28058   3  9000  108758  108824    26     0  2004 1.483E+07 0.000E+00
   1 28058   3  9000  108774  108841    10     0  1001 1.483E+07 0.000E+00
   1 28058   3  9000  108781  108839    44     0 27057 1.483E+07 0.000E+00
   1 28058   3  9000  108812  108815     4     0 25054 1.483E+07 0.000E+00
   1 28058   4     2  108843  148077   125     0     0 8.135E+05 0.000E+00
   1 28058   4     2  108863  148167   540     0     0 8.015E+05 0.000E+00
   1 28058   4     2  108953  148288   726     0     0 7.893E+05 0.000E+00
   1 28058   4     2  109074  148388   600     0     0 7.776E+05 0.000E+00
   1 28058   4     2  109174  148430   252     0     0 7.661E+05 0.000E+00
   1 28058   4     2  109216  148534   624     0     0 7.547E+05 0.000E+00
   1 28058   4     2  109320  148660   756     0     0 7.435E+05 0.000E+00
   1 28058   4     2  109446  148751   546     0     0 7.324E+05 0.000E+00
   1 28058   4     2  109537  148842   546     0     0 7.211E+05 0.000E+00
   1 28058   4     2  109628  148913   426     0     0 7.104E+05 0.000E+00
   1 28058   4     2  109699  148995   492     0     0 6.999E+05 0.000E+00
   1 28058   4     2  109781  149018   138     0     0 6.891E+05 0.000E+00
   1 28058   4     2  109804  149075   342     0     0 6.788E+05 0.000E+00
   1 28058   4     2  109861  149170   570     0     0 6.687E+05 0.000E+00
   1 28058   4     2  109956  149211   246     0     0 6.587E+05 0.000E+00
   1 28058   4     2  109997  149234   138     0     0 6.485E+05 0.000E+00
   1 28058   4     2  110020  149345   666     0     0 6.386E+05 0.000E+00
   1 28058   4     2  110131  149396   306     0     0 6.291E+05 0.000E+00
   1 28058   4     2  110182  149432   216     0     0 6.198E+05 0.000E+00
   1 28058   4     2  110218  149467   210     0     0 6.104E+05 0.000E+00
   1 28058   4     2  110253  149604   822     0     0 6.013E+05 0.000E+00
   1 28058   4     2  110390  149695   546     0     0 5.924E+05 0.000E+00
   1 28058   4     2  110481  149724   174     0     0 5.832E+05 0.000E+00
   1 28058   4     2  110510  149759   210     0     0 5.746E+05 0.000E+00
   1 28058   4     2  110545  149827   408     0     0 5.660E+05 0.000E+00
   1 28058   4     2  110613  149861   204     0     0 5.577E+05 0.000E+00
   1 28058   4     2  110647  149884   138     0     0 5.485E+05 0.000E+00
   1 28058   4     2  110670  149894    60     0     0 5.402E+05 0.000E+00
   1 28058   4     2  110680  149910    96     0     0 5.316E+05 0.000E+00
   1 28058   4     2  110696  149938   168     0     0 5.237E+05 0.000E+00
   1 28058   4     2  110724  149963   150     0     0 5.158E+05 0.000E+00
   1 28058   4     2  110749  149990   162     0     0 5.080E+05 0.000E+00
   1 28058   4     2  110776  150025   210     0     0 5.004E+05 0.000E+00
   1 28058   4     2  110811  150044   114     0     0 4.930E+05 0.000E+00
   1 28058   4     2  110830  150055    66     0     0 4.853E+05 0.000E+00
   1 28058   4     2  110841  150070    90     0     0 4.777E+05 0.000E+00
   1 28058   4     2  110856  150091   126     0     0 4.706E+05 0.000E+00
   1 28058   4     2  110877  150119   168     0     0 4.634E+05 0.000E+00
   1 28058   4     2  110905  150153   204     0     0 4.562E+05 0.000E+00
   1 28058   4     2  110939  150167    84     0     0 4.491E+05 0.000E+00
   1 28058   4     2  110953  150184   102     0     0 4.423E+05 0.000E+00
   1 28058   4     2  110970  150210   156     0     0 4.356E+05 0.000E+00
   1 28058   4     2  110996  150275   390     0     0 4.288E+05 0.000E+00
   1 28058   4     2  111061  150357   492     0     0 4.224E+05 0.000E+00
   1 28058   4     2  111143  150441   504     0     0 4.161E+05 0.000E+00
   1 28058   4     2  111227  150480   234     0     0 4.100E+05 0.000E+00
   1 28058   4     2  111266  150500   120     0     0 4.034E+05 0.000E+00
   1 28058   4     2  111286  150524   144     0     0 3.974E+05 0.000E+00
   1 28058   4     2  111310  150535    66     0     0 3.915E+05 0.000E+00
   1 28058   4     2  111321  150549    84     0     0 3.856E+05 0.000E+00
   1 28058   4     2  111335  150567   108     0     0 3.799E+05 0.000E+00
   1 28058   4     2  111353  150581    84     0     0 3.742E+05 0.000E+00
   1 28058   4     2  111367  150601   120     0     0 3.685E+05 0.000E+00
   1 28058   4     2  111387  150623   132     0     0 3.625E+05 0.000E+00
   1 28058   4     2  111409  150634    66     0     0 3.571E+05 0.000E+00
   1 28058   4     2  111420  150703   414     0     0 3.516E+05 0.000E+00
   1 28058   4     2  111489  150722   114     0     0 3.462E+05 0.000E+00
   1 28058   4     2  111508  150735    78     0     0 3.409E+05 0.000E+00
   1 28058   4     2  111521  150758   138     0     0 3.357E+05 0.000E+00
   1 28058   4     2  111544  150804   276     0     0 3.305E+05 0.000E+00
   1 28058   4     2  111590  150839   210     0     0 3.256E+05 0.000E+00
   1 28058   4     2  111625  150851    72     0     0 3.205E+05 0.000E+00
   1 28058   4     2  111637  150864    78     0     0 3.154E+05 0.000E+00
   1 28058   4     2  111650  150883   114     0     0 3.107E+05 0.000E+00
   1 28058   4     2  111669  150923   240     0     0 3.061E+05 0.000E+00
   1 28058   4     2  111709  150939    96     0     0 3.015E+05 0.000E+00
   1 28058   4     2  111725  150952    78     0     0 2.969E+05 0.000E+00
   1 28058   4     2  111738  150970   108     0     0 2.922E+05 0.000E+00
   1 28058   4     2  111756  150985    90     0     0 2.879E+05 0.000E+00
   1 28058   4     2  111771  151082   582     0     0 2.836E+05 0.000E+00
   1 28058   4     2  111868  151100   108     0     0 2.793E+05 0.000E+00
   1 28058   4     2  111886  151171   426     0     0 2.751E+05 0.000E+00
   1 28058   4     2  111957  151274   618     0     0 2.710E+05 0.000E+00
   1 28058   4     2  112060  151288    84     0     0 2.669E+05 0.000E+00
   1 28058   4     2  112074  151304    96     0     0 2.627E+05 0.000E+00
   1 28058   4     2  112090  151317    78     0     0 2.586E+05 0.000E+00
   1 28058   4     2  112103  151331    84     0     0 2.547E+05 0.000E+00
   1 28058   4     2  112117  151354   138     0     0 2.508E+05 0.000E+00
   1 28058   4     2  112140  151380   156     0     0 2.470E+05 0.000E+00
   1 28058   4     2  112166  151396    96     0     0 2.431E+05 0.000E+00
   1 28058   4     2  112182  151410    84     0     0 2.393E+05 0.000E+00
   1 28058   4     2  112196  151465   330     0     0 2.357E+05 0.000E+00
   1 28058   4     2  112251  151578   678     0     0 2.322E+05 0.000E+00
   1 28058   4     2  112364  151632   324     0     0 2.287E+05 0.000E+00
   1 28058   4     2  112418  151645    78     0     0 2.253E+05 0.000E+00
   1 28058   4     2  112431  151659    84     0     0 2.218E+05 0.000E+00
   1 28058   4     2  112445  151689   180     0     0 2.186E+05 0.000E+00
   1 28058   4     2  112475  151701    72     0     0 2.151E+05 0.000E+00
   1 28058   4     2  112487  151719   108     0     0 2.118E+05 0.000E+00
   1 28058   4     2  112505  151797   468     0     0 2.086E+05 0.000E+00
   1 28058   4     2  112583  151917   720     0     0 2.055E+05 0.000E+00
   1 28058   4     2  112703  152039   732     0     0 2.025E+05 0.000E+00
   1 28058   4     2  112825  152066   162     0     0 1.994E+05 0.000E+00
   1 28058   4     2  112852  152081    90     0     0 1.964E+05 0.000E+00
   1 28058   4     2  112867  152175   564     0     0 1.934E+05 0.000E+00
   1 28058   4     2  112961  152233   348     0     0 1.905E+05 0.000E+00
   1 28058   4     2  113019  152251   108     0     0 1.877E+05 0.000E+00
   1 28058   4     2  113037  152275   144     0     0 1.848E+05 0.000E+00
   1 28058   4     2  113061  152292   102     0     0 1.819E+05 0.000E+00
   1 28058   4     2  113078  152305    78     0     0 1.791E+05 0.000E+00
   1 28058   4     2  113091  152325   120     0     0 1.764E+05 0.000E+00
   1 28058   4     2  113111  152340    90     0     0 1.737E+05 0.000E+00
   1 28058   4     2  113126  152394   324     0     0 1.710E+05 0.000E+00
   1 28058   4     2  113180  152415   126     0     0 1.684E+05 0.000E+00
   1 28058   4     2  113201  152429    84     0     0 1.658E+05 0.000E+00
   1 28058   4     2  113215  152447   108     0     0 1.632E+05 0.000E+00
   1 28058   4     2  113233  152542   570     0     0 1.606E+05 0.000E+00
   1 28058   4     2  113328  152678   816     0     0 1.583E+05 0.000E+00
   1 28058   4     2  113464  152815   822     0     0 1.559E+05 0.000E+00
   1 28058   4     2  113601  152874   354     0     0 1.536E+05 0.000E+00
   1 28058   4     2  113660  152890    96     0     0 1.513E+05 0.000E+00
   1 28058   4     2  113676  152914   144     0     0 1.489E+05 0.000E+00
   1 28058   4     2  113700  152940   156     0     0 1.466E+05 0.000E+00
   1 28058   4     2  113726  152958   108     0     0 1.443E+05 0.000E+00
   1 28058   4     2  113744  153028   420     0     0 1.420E+05 0.000E+00
   1 28058   4     2  113814  153173   870     0     0 1.399E+05 0.000E+00
   1 28058   4     2  113959  153316   858     0     0 1.379E+05 0.000E+00
   1 28058   4     2  114102  153347   186     0     0 1.358E+05 0.000E+00
   1 28058   4     2  114133  153365   108     0     0 1.338E+05 0.000E+00
   1 28058   4     2  114151  153383   108     0     0 1.317E+05 0.000E+00
   1 28058   4     2  114169  153399    96     0     0 1.296E+05 0.000E+00
   1 28058   4     2  114185  153415    96     0     0 1.276E+05 0.000E+00
   1 28058   4     2  114201  153456   246     0     0 1.256E+05 0.000E+00
   1 28058   4     2  114242  153485   174     0     0 1.237E+05 0.000E+00
   1 28058   4     2  114271  153504   114     0     0 1.218E+05 0.000E+00
   1 28058   4     2  114290  153521   102     0     0 1.200E+05 0.000E+00
   1 28058   4     2  114307  153541   120     0     0 1.182E+05 0.000E+00
   1 28058   4     2  114327  153557    96     0     0 1.163E+05 0.000E+00
   1 28058   4     2  114343  153573    96     0     0 1.146E+05 0.000E+00
   1 28058   4     2  114359  153590   102     0     0 1.129E+05 0.000E+00
   1 28058   4     2  114376  153608   108     0     0 1.112E+05 0.000E+00
   1 28058   4     2  114394  153768   960     0     0 1.095E+05 0.000E+00
   1 28058   4     2  114554  153843   450     0     0 1.079E+05 0.000E+00
   1 28058   4     2  114629  153863   120     0     0 1.062E+05 0.000E+00
   1 28058   4     2  114649  153880   102     0     0 1.045E+05 0.000E+00
   1 28058   4     2  114666  153898   108     0     0 1.030E+05 0.000E+00
   1 28058   4     2  114684  153916   108     0     0 1.014E+05 0.000E+00
   1 28058   4     2  114702  153934   108     0     0 9.987E+04 0.000E+00
   1 28058   4     2  114720  153958   144     0     0 9.832E+04 0.000E+00
   1 28058   4     2  114744  153977   114     0     0 9.685E+04 0.000E+00
   1 28058   4     2  114763  153995   108     0     0 9.539E+04 0.000E+00
   1 28058   4     2  114781  154014   114     0     0 9.394E+04 0.000E+00
   1 28058   4     2  114800  154032   108     0     0 9.253E+04 0.000E+00
   1 28058   4     2  114818  154052   120     0     0 9.114E+04 0.000E+00
   1 28058   4     2  114838  154071   114     0     0 8.980E+04 0.000E+00
   1 28058   4     2  114857  154090   114     0     0 8.840E+04 0.000E+00
   1 28058   4     2  114876  154101    66     0     0 8.704E+04 0.000E+00
   1 28058   4     2  114887  154112    66     0     0 8.561E+04 0.000E+00
   1 28058   4     2  114898  154129   102     0     0 8.426E+04 0.000E+00
   1 28058   4     2  114915  154145    96     0     0 8.296E+04 0.000E+00
   1 28058   4     2  114931  154156    66     0     0 8.160E+04 0.000E+00
   1 28058   4     2  114942  154166    60     0     0 8.036E+04 0.000E+00
   1 28058   4     2  114952  154177    66     0     0 7.911E+04 0.000E+00
   1 28058   4     2  114963  154187    60     0     0 7.790E+04 0.000E+00
   1 28058   4     2  114973  154197    60     0     0 7.671E+04 0.000E+00
   1 28058   4     2  114983  154207    60     0     0 7.555E+04 0.000E+00
   1 28058   4     2  114993  154217    60     0     0 7.441E+04 0.000E+00
   1 28058   4     2  115003  154227    60     0     0 7.330E+04 0.000E+00
   1 28058   4     2  115013  154238    66     0     0 7.222E+04 0.000E+00
   1 28058   4     2  115024  154249    66     0     0 7.105E+04 0.000E+00
   1 28058   4     2  115035  154262    78     0     0 6.994E+04 0.000E+00
   1 28058   4     2  115048  154275    78     0     0 6.884E+04 0.000E+00
   1 28058   4     2  115061  154286    66     0     0 6.773E+04 0.000E+00
   1 28058   4     2  115072  154372   516     0     0 6.667E+04 0.000E+00
   1 28058   4     2  115158  154478   636     0     0 6.568E+04 0.000E+00
   1 28058   4     2  115264  154585   642     0     0 6.470E+04 0.000E+00
   1 28058   4     2  115371  154693   648     0     0 6.374E+04 0.000E+00
   1 28058   4     2  115479  154801   648     0     0 6.279E+04 0.000E+00
   1 28058   4     2  115587  154910   654     0     0 6.186E+04 0.000E+00
   1 28058   4     2  115696  155020   660     0     0 6.094E+04 0.000E+00
   1 28058   4     2  115806  155088   408     0     0 6.004E+04 0.000E+00
   1 28058   4     2  115874  155100    72     0     0 5.915E+04 0.000E+00
   1 28058   4     2  115886  155112    72     0     0 5.827E+04 0.000E+00
   1 28058   4     2  115898  155124    72     0     0 5.735E+04 0.000E+00
   1 28058   4     2  115910  155136    72     0     0 5.645E+04 0.000E+00
   1 28058   4     2  115922  155149    78     0     0 5.557E+04 0.000E+00
   1 28058   4     2  115935  155161    72     0     0 5.475E+04 0.000E+00
   1 28058   4     2  115947  155173    72     0     0 5.391E+04 0.000E+00
   1 28058   4     2  115959  155185    72     0     0 5.308E+04 0.000E+00
   1 28058   4     2  115971  155200    90     0     0 5.228E+04 0.000E+00
   1 28058   4     2  115986  155212    72     0     0 5.149E+04 0.000E+00
   1 28058   4     2  115998  155224    72     0     0 5.072E+04 0.000E+00
   1 28058   4     2  116010  155237    78     0     0 4.997E+04 0.000E+00
   1 28058   4     2  116023  155250    78     0     0 4.918E+04 0.000E+00
   1 28058   4     2  116036  155265    90     0     0 4.840E+04 0.000E+00
   1 28058   4     2  116051  155278    78     0     0 4.764E+04 0.000E+00
   1 28058   4     2  116064  155291    78     0     0 4.690E+04 0.000E+00
   1 28058   4     2  116077  155304    78     0     0 4.618E+04 0.000E+00
   1 28058   4     2  116090  155317    78     0     0 4.548E+04 0.000E+00
   1 28058   4     2  116103  155330    78     0     0 4.479E+04 0.000E+00
   1 28058   4     2  116116  155345    90     0     0 4.411E+04 0.000E+00
   1 28058   4     2  116131  155358    78     0     0 4.344E+04 0.000E+00
   1 28058   4     2  116144  155372    84     0     0 4.279E+04 0.000E+00
   1 28058   4     2  116158  155386    84     0     0 4.212E+04 0.000E+00
   1 28058   4     2  116172  155400    84     0     0 4.145E+04 0.000E+00
   1 28058   4     2  116186  155414    84     0     0 4.081E+04 0.000E+00
   1 28058   4     2  116200  155428    84     0     0 4.018E+04 0.000E+00
   1 28058   4     2  116214  155443    90     0     0 3.957E+04 0.000E+00
   1 28058   4     2  116229  155457    84     0     0 3.897E+04 0.000E+00
   1 28058   4     2  116243  155471    84     0     0 3.838E+04 0.000E+00
   1 28058   4     2  116257  155485    84     0     0 3.780E+04 0.000E+00
   1 28058   4     2  116271  155500    90     0     0 3.724E+04 0.000E+00
   1 28058   4     2  116286  155524   144     0     0 3.665E+04 0.000E+00
   1 28058   4     2  116310  155539    90     0     0 3.610E+04 0.000E+00
   1 28058   4     2  116325  155556   102     0     0 3.554E+04 0.000E+00
   1 28058   4     2  116342  155571    90     0     0 3.498E+04 0.000E+00
   1 28058   4     2  116357  155587    96     0     0 3.444E+04 0.000E+00
   1 28058   4     2  116373  155602    90     0     0 3.391E+04 0.000E+00
   1 28058   4     2  116388  155617    90     0     0 3.340E+04 0.000E+00
   1 28058   4     2  116403  155635   108     0     0 3.290E+04 0.000E+00
   1 28058   4     2  116421  155660   150     0     0 3.241E+04 0.000E+00
   1 28058   4     2  116446  155676    96     0     0 3.193E+04 0.000E+00
   1 28058   4     2  116462  155692    96     0     0 3.143E+04 0.000E+00
   1 28058   4     2  116478  155708    96     0     0 3.094E+04 0.000E+00
   1 28058   4     2  116494  155724    96     0     0 3.046E+04 0.000E+00
   1 28058   4     2  116510  155740    96     0     0 3.000E+04 0.000E+00
   1 28058   4     2  116526  155756    96     0     0 2.954E+04 0.000E+00
   1 28058   4     2  116542  155772    96     0     0 2.910E+04 0.000E+00
   1 28058   4     2  116558  155788    96     0     0 2.867E+04 0.000E+00
   1 28058   4     2  116574  155805   102     0     0 2.824E+04 0.000E+00
   1 28058   4     2  116591  155823   108     0     0 2.780E+04 0.000E+00
   1 28058   4     2  116609  155840   102     0     0 2.739E+04 0.000E+00
   1 28058   4     2  116626  155859   114     0     0 2.697E+04 0.000E+00
   1 28058   4     2  116645  155871    72     0     0 2.656E+04 0.000E+00
   1 28058   4     2  116657  155881    60     0     0 2.615E+04 0.000E+00
   1 28058   4     2  116667  155890    54     0     0 2.577E+04 0.000E+00
   1 28058   4     2  116676  155899    54     0     0 2.536E+04 0.000E+00
   1 28058   4     2  155900  155908     9     0     0 1.500E+06 0.000E+00
   1 28058   4     2  155909  155917     9     0     0 2.000E+06 0.000E+00
   1 28058   4     2  155918  155922     5     0     0 2.330E+06 0.000E+00
   1 28058   4     2  155923  155931     9     0     0 2.500E+06 0.000E+00
   1 28058   4     2  155932  155947    16     0     0 2.900E+06 0.000E+00
   1 28058   4     2  155948  155956     9     0     0 3.000E+06 0.000E+00
   1 28058   4     2  155957  156030    74     0     0 4.500E+06 0.000E+00
   1 28058   4     2  156031  156948    93     0     0 5.000E+06 0.000E+00
   1 28058   4     2  156103  156958    81     0     0 5.500E+06 0.000E+00
   1 28058   4     2  156174  156258    85     0     0 5.900E+06 0.000E+00
   1 28058   4     2  156259  156333    75     0     0 6.500E+06 0.000E+00
   1 28058   4     2  156334  156415    82     0     0 7.140E+06 0.000E+00
   1 28058   4     2  156416  156469    54     0     0 7.500E+06 0.000E+00
   1 28058   4     2  156470  156546    77     0     0 8.029E+06 0.000E+00
   1 28058   4     2  156547  156620    74     0     0 8.399E+06 0.000E+00
   1 28058   4     2  156621  156714    94     0     0 9.060E+06 0.000E+00
   1 28058   4     2  156715  156808    94     0     0 9.500E+06 0.000E+00
   1 28058   4     2  156809  157008   118     0     0 9.990E+06 0.000E+00
   1 28058   4     2  156917  156927    11     0     0 6.000E+06 0.000E+00
   1 28058   4     2  156928  156938    11     0     0 7.000E+06 0.000E+00
   1 28058   4     2  156959  156987    29     0     0 7.904E+06 0.000E+00
   1 28058   4     2  157009  157035    27     0     0 1.195E+07 0.000E+00
   1 28058   4     2  157036  157063    28     0     0 1.394E+07 0.000E+00
   1 28058   4     2  157064  157078    15     0     0 1.470E+07 0.000E+00
   1 28058   4     2  157079  157108    30     0     0 1.693E+07 0.000E+00
   1 28058   4     2  157109  157132    24     0     0 2.400E+07 0.000E+00
   1 28058   4  9000  157135  157142     8     0  2004 1.470E+07 0.000E+00
   1 28058   4  9000  157143  157158    16     0  1001 1.470E+07 0.000E+00
   1 28058   6   103  157159  157159     1     0     0 1.480E+07 0.000E+00
   1 28058   6   103  157160  157242    83     0     0 8.400E+06 0.000E+00
   1 28058   6   103  157243  157353   111     0     0 1.410E+07 0.000E+00
   1 28058   6   103  157354  157463   110     0     0 2.200E+07 0.000E+00
   1 28058   6  9000  157464  157464     1     0  2004 2.200E+07 0.000E+00
   1 28058   6  9000  157465  157948   484     0  2004 4.510E+06 0.000E+00
   1 28058   6  9000  157949  158605   657     0  2004 5.210E+06 0.000E+00
   1 28058   6  9000  158606  159300   695     0  2004 5.390E+06 0.000E+00
   1 28058   6  9000  159301  160135   835     0  2004 5.840E+06 0.000E+00
   1 28058   6  9000  160136  161124   989     0  2004 6.220E+06 0.000E+00
   1 28058   6  9000  161125  163194  2070     0  2004 6.440E+06 0.000E+00
   1 28058   6  9000  163195  163195     1     0  1001 6.510E+06 0.000E+00
   1 28058   6  9000  163196  163239    44     0  1001 8.000E+06 0.000E+00
   1 28058   6  9000  163240  163296    57     0  1001 9.400E+06 0.000E+00
   1 28058   6  9000  163297  163359    63     0  1001 1.100E+07 0.000E+00
   1 28058   6  9000  163360  163377    18     0  2004 8.000E+06 0.000E+00
   1 28058   6  9000  163378  163401    24     0  2004 9.400E+06 0.000E+00
   1 28058   6  9000  163402  163428    27     0  2004 1.100E+07 0.000E+00
   1 28058   6  9000  163429  164085   657     0  1001 1.410E+07 0.000E+00
   1 28058   6  9000  164086  164260   175     0  1001 1.980E+08 0.000E+00
